Flutter crash report; please file at https://github.com/flutter/flutter/issues.

## command

flutter packages get

## exception

YamlException: Error on line 22, column 1: Expected ':'.
dev_dependencies:
^

```
#0      Scanner._staleSimpleKeys (package:yaml/src/scanner.dart:491)
#1      Scanner._fetchMoreTokens (package:yaml/src/scanner.dart:325)
#2      Scanner.peek (package:yaml/src/scanner.dart:317)
#3      Parser._parseBlockMappingKey (package:yaml/src/parser.dart:418)
#4      Parser._stateMachine (package:yaml/src/parser.dart:86)
#5      Parser.parse (package:yaml/src/parser.dart:47)
#6      Loader._loadMapping (package:yaml/src/loader.dart:171)
#7      Loader._loadNode (package:yaml/src/loader.dart:86)
#8      Loader._loadMapping (package:yaml/src/loader.dart:165)
#9      Loader._loadNode (package:yaml/src/loader.dart:86)
#10     Loader._loadDocument (package:yaml/src/loader.dart:62)
#11     Loader.load (package:yaml/src/loader.dart:54)
#12     loadYamlDocument (package:yaml/yaml.dart:51)
#13     loadYamlNode (package:yaml/yaml.dart:42)
#14     loadYaml (package:yaml/yaml.dart:34)
#15     _pluginFromPubspec (package:flutter_tools/src/plugins.dart:52)
#16     _findPlugins.<anonymous closure> (package:flutter_tools/src/plugins.dart:75)
#17     _HashVMBase&MapMixin&&_LinkedHashMapMixin.forEach (dart:collection-patch/dart:collection/compact_hash.dart:363)
#18     _findPlugins (package:flutter_tools/src/plugins.dart:73)
#19     injectPlugins (package:flutter_tools/src/plugins.dart:234)
#20     FlutterProject.ensureReadyForPlatformSpecificTooling (package:flutter_tools/src/project.dart:62)
<asynchronous suspension>
#21     PackagesGetCommand.runCommand (package:flutter_tools/src/commands/packages.dart:85)
<asynchronous suspension>
#22     FlutterCommand.verifyThenRunCommand (package:flutter_tools/src/runner/flutter_command.dart:344)
<asynchronous suspension>
#23     FlutterCommand.run.<anonymous closure> (package:flutter_tools/src/runner/flutter_command.dart:279)
<asynchronous suspension>
#24     AppContext.run.<anonymous closure> (package:flutter_tools/src/base/context.dart:142)
<asynchronous suspension>
#25     _rootRun (dart:async/zone.dart:1126)
#26     _CustomZone.run (dart:async/zone.dart:1023)
#27     _runZoned (dart:async/zone.dart:1518)
#28     runZoned (dart:async/zone.dart:1465)
#29     AppContext.run (package:flutter_tools/src/base/context.dart:141)
<asynchronous suspension>
#30     FlutterCommand.run (package:flutter_tools/src/runner/flutter_command.dart:270)
#31     CommandRunner.runCommand (package:args/command_runner.dart:194)
<asynchronous suspension>
#32     FlutterCommandRunner.runCommand.<anonymous closure> (package:flutter_tools/src/runner/flutter_command_runner.dart:322)
<asynchronous suspension>
#33     AppContext.run.<anonymous closure> (package:flutter_tools/src/base/context.dart:142)
<asynchronous suspension>
#34     _rootRun (dart:async/zone.dart:1126)
#35     _CustomZone.run (dart:async/zone.dart:1023)
#36     _runZoned (dart:async/zone.dart:1518)
#37     runZoned (dart:async/zone.dart:1465)
#38     AppContext.run (package:flutter_tools/src/base/context.dart:141)
<asynchronous suspension>
#39     FlutterCommandRunner.runCommand (package:flutter_tools/src/runner/flutter_command_runner.dart:278)
<asynchronous suspension>
#40     CommandRunner.run.<anonymous closure> (package:args/command_runner.dart:109)
#41     new Future.sync (dart:async/future.dart:222)
#42     CommandRunner.run (package:args/command_runner.dart:109)
#43     FlutterCommandRunner.run (package:flutter_tools/src/runner/flutter_command_runner.dart:187)
#44     run.<anonymous closure> (package:flutter_tools/runner.dart:59)
<asynchronous suspension>
#45     AppContext.run.<anonymous closure> (package:flutter_tools/src/base/context.dart:142)
<asynchronous suspension>
#46     _rootRun (dart:async/zone.dart:1126)
#47     _CustomZone.run (dart:async/zone.dart:1023)
#48     _runZoned (dart:async/zone.dart:1518)
#49     runZoned (dart:async/zone.dart:1465)
#50     AppContext.run (package:flutter_tools/src/base/context.dart:141)
<asynchronous suspension>
#51     runInContext (package:flutter_tools/src/context_runner.dart:43)
<asynchronous suspension>
#52     run (package:flutter_tools/runner.dart:50)
#53     main (package:flutter_tools/executable.dart:49)
<asynchronous suspension>
#54     main (file:///home/sadab/flutter/packages/flutter_tools/bin/flutter_tools.dart:8)
#55     _startIsolate.<anonymous closure> (dart:isolate-patch/dart:isolate/isolate_patch.dart:277)
#56     _RawReceivePortImpl._handleMessage (dart:isolate-patch/dart:isolate/isolate_patch.dart:165)
```

## flutter doctor

```
[✓] Flutter (Channel dev, v0.5.5, on Linux, locale en_IN)
    • Flutter version 0.5.5 at /home/sadab/flutter
    • Framework revision 020e0ef55c (4 weeks ago), 2018-06-14 13:17:08 -0700
    • Engine revision c3976b3c71
    • Dart version 2.0.0-dev.62.0.flutter-c95617b19c

[!] Android toolchain - develop for Android devices (Android SDK 27.0.3)
    • Android SDK at /home/sadab/Android/Sdk
    • Android NDK location not configured (optional; useful for native profiling support)
    • Platform android-27, build-tools 27.0.3
    • Java binary at: /home/sadab/Public/android-studio/jre/bin/java
    • Java version OpenJDK Runtime Environment (build 1.8.0_152-release-915-b01)
    ! Some Android licenses not accepted.  To resolve this, run: flutter doctor --android-licenses

[✓] Android Studio (version 3.0)
    • Android Studio at /home/sadab/Public/android-studio
    • Flutter plugin version 22.2.1
    • Dart plugin version 171.4424
    • Java version OpenJDK Runtime Environment (build 1.8.0_152-release-915-b01)

[!] VS Code (version 1.25.0)
    • VS Code at /usr/share/code
    • Flutter extension not installed; install from
      https://marketplace.visualstudio.com/items?itemName=Dart-Code.flutter

[✓] Connected devices (1 available)
    • Redmi 3S • 7026a0597d33 • android-arm64 • Android 6.0.1 (API 23)

! Doctor found issues in 2 categories.
```
